<?xml version="1.0" encoding="UTF-8"?>
<testng-results ignored="0" total="1" passed="1" failed="0" skipped="0">
  <reporter-output>
  </reporter-output>
  <suite started-at="2025-07-17T19:58:18 IST" name="Default suite" finished-at="2025-07-17T19:58:21 IST" duration-ms="2297">
    <groups>
    </groups>
    <test started-at="2025-07-17T19:58:18 IST" name="Default test" finished-at="2025-07-17T19:58:21 IST" duration-ms="2297">
      <class name="GetExampleTest">
        <test-method signature="getUsers()[pri:0, instance:GetExampleTest@557caf28]" started-at="2025-07-17T19:58:18 IST" name="getUsers" finished-at="2025-07-17T19:58:21 IST" duration-ms="2252" status="PASS">
          <reporter-output>
          </reporter-output>
        </test-method> <!-- getUsers -->
      </class> <!-- GetExampleTest -->
    </test> <!-- Default test -->
  </suite> <!-- Default suite -->
</testng-results>
